2023-08-18 19:40:23.154 | __main__:main:51 | INFO | /itet-stor/wboettcher/net_scratch/conda_envs/spvnas_env/bin/python train.py configs/kitti_360/spvcnn/cr0p5.yaml
2023-08-18 19:40:23.155 | __main__:main:52 | INFO | Experiment started: "runs/run-08570cf6-190fd078".
workers_per_gpu: 8
distributed: True
amp_enabled: True
data:
  num_classes: 15
  ignore_label: 255
  training_size: 48095
train:
  seed: 1588147245
  deterministic: False
dataset:
  name: kitti_360
  root: /scratch_net/biwidl303/wboet/datasets/KITTI360/
  num_points: 80000
  voxel_size: 0.05
  radius: 60
num_epochs: 15
batch_size: 2
criterion:
  name: cross_entropy
  ignore_index: 255
optimizer:
  name: sgd
  lr: 0.12
  weight_decay: 0.0001
  momentum: 0.9
  nesterov: True
scheduler:
  name: cosine_warmup
model:
  name: spvcnn
  input_feat: 6
  cr: 0.5
2023-08-18 19:41:58.573 | torchpack.train.trainer:train:70 | INFO | Epoch 1/15 started.
2023-08-18 20:50:40.703 | torchpack.train.trainer:train:86 | INFO | Training finished in 1 hour 8 minutes 42 seconds.
2023-08-18 21:09:45.679 | torchpack.callbacks.inference:_trigger:43 | INFO | Inference finished in 19 minutes 4 seconds.
2023-08-18 21:09:46.275 | torchpack.callbacks.checkpoint:_trigger:111 | INFO | Checkpoint saved: "runs/run-08570cf6-190fd078/checkpoints/max-iou-test.pt" (53.372).
2023-08-18 21:09:47.061 | torchpack.callbacks.checkpoint:_trigger:47 | INFO | Checkpoint saved: "runs/run-08570cf6-190fd078/checkpoints/step-12024.pt".
2023-08-18 21:09:47.083 | torchpack.callbacks.writers:_trigger:60 | INFO | 
+ [iou/test] = 53.372
+ [iou/test/max] = 53.372
+ [loss] = 0.19286
2023-08-18 21:09:47.085 | torchpack.callbacks.progress:_trigger_epoch:64 | INFO | Estimated time left: 20 hours 29 minutes 19 seconds.
2023-08-18 21:09:47.086 | torchpack.train.trainer:train:90 | INFO | Epoch finished in 1 hour 27 minutes 48 seconds.
2023-08-18 21:09:47.086 | torchpack.train.trainer:train:70 | INFO | Epoch 2/15 started.
2023-08-18 22:33:42.742 | torchpack.train.trainer:train:86 | INFO | Training finished in 1 hour 23 minutes 55 seconds.
2023-08-18 22:52:54.438 | torchpack.callbacks.inference:_trigger:43 | INFO | Inference finished in 19 minutes 11 seconds.
2023-08-18 22:52:55.014 | torchpack.callbacks.checkpoint:_trigger:47 | INFO | Checkpoint saved: "runs/run-08570cf6-190fd078/checkpoints/step-24048.pt".
2023-08-18 22:52:55.036 | torchpack.callbacks.writers:_trigger:60 | INFO | 
+ [iou/test] = 50.628
+ [iou/test/max] = 53.372
+ [loss] = 0.1746
2023-08-18 22:52:55.038 | torchpack.callbacks.progress:_trigger_epoch:64 | INFO | Estimated time left: 20 hours 41 minutes 7 seconds.
2023-08-18 22:52:55.038 | torchpack.train.trainer:train:90 | INFO | Epoch finished in 1 hour 43 minutes 7 seconds.
2023-08-18 22:52:55.038 | torchpack.train.trainer:train:70 | INFO | Epoch 3/15 started.
2023-08-19 00:17:17.610 | torchpack.train.trainer:train:86 | INFO | Training finished in 1 hour 24 minutes 22 seconds.
2023-08-19 00:36:29.075 | torchpack.callbacks.inference:_trigger:43 | INFO | Inference finished in 19 minutes 11 seconds.
2023-08-19 00:36:29.657 | torchpack.callbacks.checkpoint:_trigger:47 | INFO | Checkpoint saved: "runs/run-08570cf6-190fd078/checkpoints/step-36072.pt".
2023-08-19 00:36:29.670 | torchpack.callbacks.writers:_trigger:60 | INFO | 
+ [iou/test] = 53.312
+ [iou/test/max] = 53.372
+ [loss] = 0.16073
2023-08-19 00:36:29.672 | torchpack.callbacks.progress:_trigger_epoch:64 | INFO | Estimated time left: 19 hours 38 minutes 4 seconds.
2023-08-19 00:36:29.673 | torchpack.train.trainer:train:90 | INFO | Epoch finished in 1 hour 43 minutes 34 seconds.
2023-08-19 00:36:29.674 | torchpack.train.trainer:train:70 | INFO | Epoch 4/15 started.
2023-08-19 02:00:33.648 | torchpack.train.trainer:train:86 | INFO | Training finished in 1 hour 24 minutes 3 seconds.
2023-08-19 02:19:49.557 | torchpack.callbacks.inference:_trigger:43 | INFO | Inference finished in 19 minutes 15 seconds.
2023-08-19 02:19:50.153 | torchpack.callbacks.checkpoint:_trigger:111 | INFO | Checkpoint saved: "runs/run-08570cf6-190fd078/checkpoints/max-iou-test.pt" (54.223).
2023-08-19 02:19:50.876 | torchpack.callbacks.checkpoint:_trigger:47 | INFO | Checkpoint saved: "runs/run-08570cf6-190fd078/checkpoints/step-48096.pt".
2023-08-19 02:19:50.898 | torchpack.callbacks.writers:_trigger:60 | INFO | 
+ [iou/test] = 54.223
+ [iou/test/max] = 54.223
+ [loss] = 0.17132
2023-08-19 02:19:50.900 | torchpack.callbacks.progress:_trigger_epoch:64 | INFO | Estimated time left: 18 hours 14 minutes 8 seconds.
2023-08-19 02:19:50.900 | torchpack.train.trainer:train:90 | INFO | Epoch finished in 1 hour 43 minutes 21 seconds.
2023-08-19 02:19:50.900 | torchpack.train.trainer:train:70 | INFO | Epoch 5/15 started.
2023-08-19 03:44:03.994 | torchpack.train.trainer:train:86 | INFO | Training finished in 1 hour 24 minutes 13 seconds.
2023-08-19 04:03:21.188 | torchpack.callbacks.inference:_trigger:43 | INFO | Inference finished in 19 minutes 17 seconds.
2023-08-19 04:03:21.770 | torchpack.callbacks.checkpoint:_trigger:47 | INFO | Checkpoint saved: "runs/run-08570cf6-190fd078/checkpoints/step-60120.pt".
2023-08-19 04:03:21.773 | torchpack.callbacks.writers:_trigger:60 | INFO | 
+ [iou/test] = 53.033
+ [iou/test/max] = 54.223
+ [loss] = 0.18908
2023-08-19 04:03:21.775 | torchpack.callbacks.progress:_trigger_epoch:64 | INFO | Estimated time left: 16 hours 42 minutes 46 seconds.
2023-08-19 04:03:21.776 | torchpack.train.trainer:train:90 | INFO | Epoch finished in 1 hour 43 minutes 30 seconds.
2023-08-19 04:03:21.776 | torchpack.train.trainer:train:70 | INFO | Epoch 6/15 started.
2023-08-19 05:27:38.233 | torchpack.train.trainer:train:86 | INFO | Training finished in 1 hour 24 minutes 16 seconds.
2023-08-19 05:46:57.130 | torchpack.callbacks.inference:_trigger:43 | INFO | Inference finished in 19 minutes 18 seconds.
2023-08-19 05:46:57.704 | torchpack.callbacks.checkpoint:_trigger:47 | INFO | Checkpoint saved: "runs/run-08570cf6-190fd078/checkpoints/step-72144.pt".
2023-08-19 05:46:57.707 | torchpack.callbacks.writers:_trigger:60 | INFO | 
+ [iou/test] = 52.38
+ [iou/test/max] = 54.223
+ [loss] = 0.12254
2023-08-19 05:46:57.709 | torchpack.callbacks.progress:_trigger_epoch:64 | INFO | Estimated time left: 15 hours 7 minutes 28 seconds.
2023-08-19 05:46:57.711 | torchpack.train.trainer:train:90 | INFO | Epoch finished in 1 hour 43 minutes 35 seconds.
2023-08-19 05:46:57.711 | torchpack.train.trainer:train:70 | INFO | Epoch 7/15 started.
2023-08-19 07:10:51.132 | torchpack.train.trainer:train:86 | INFO | Training finished in 1 hour 23 minutes 53 seconds.
2023-08-19 07:30:01.886 | torchpack.callbacks.inference:_trigger:43 | INFO | Inference finished in 19 minutes 10 seconds.
2023-08-19 07:30:02.453 | torchpack.callbacks.checkpoint:_trigger:47 | INFO | Checkpoint saved: "runs/run-08570cf6-190fd078/checkpoints/step-84168.pt".
2023-08-19 07:30:02.456 | torchpack.callbacks.writers:_trigger:60 | INFO | 
+ [iou/test] = 54.068
+ [iou/test/max] = 54.223
+ [loss] = 0.088079
2023-08-19 07:30:02.458 | torchpack.callbacks.progress:_trigger_epoch:64 | INFO | Estimated time left: 13 hours 29 minutes 13 seconds.
2023-08-19 07:30:02.459 | torchpack.train.trainer:train:90 | INFO | Epoch finished in 1 hour 43 minutes 4 seconds.
2023-08-19 07:30:02.460 | torchpack.train.trainer:train:70 | INFO | Epoch 8/15 started.
2023-08-19 08:54:04.166 | torchpack.train.trainer:train:86 | INFO | Training finished in 1 hour 24 minutes 1 second.
2023-08-19 09:13:21.327 | torchpack.callbacks.inference:_trigger:43 | INFO | Inference finished in 19 minutes 17 seconds.
2023-08-19 09:13:21.917 | torchpack.callbacks.checkpoint:_trigger:111 | INFO | Checkpoint saved: "runs/run-08570cf6-190fd078/checkpoints/max-iou-test.pt" (56.351).
2023-08-19 09:13:22.738 | torchpack.callbacks.checkpoint:_trigger:47 | INFO | Checkpoint saved: "runs/run-08570cf6-190fd078/checkpoints/step-96192.pt".
2023-08-19 09:13:22.741 | torchpack.callbacks.writers:_trigger:60 | INFO | 
+ [iou/test] = 56.351
+ [iou/test/max] = 56.351
+ [loss] = 0.10438
2023-08-19 09:13:22.743 | torchpack.callbacks.progress:_trigger_epoch:64 | INFO | Estimated time left: 11 hours 49 minutes 58 seconds.
2023-08-19 09:13:22.744 | torchpack.train.trainer:train:90 | INFO | Epoch finished in 1 hour 43 minutes 20 seconds.
2023-08-19 09:13:22.744 | torchpack.train.trainer:train:70 | INFO | Epoch 9/15 started.
2023-08-19 10:37:18.452 | torchpack.train.trainer:train:86 | INFO | Training finished in 1 hour 23 minutes 55 seconds.
2023-08-19 10:56:28.270 | torchpack.callbacks.inference:_trigger:43 | INFO | Inference finished in 19 minutes 9 seconds.
2023-08-19 10:56:28.848 | torchpack.callbacks.checkpoint:_trigger:47 | INFO | Checkpoint saved: "runs/run-08570cf6-190fd078/checkpoints/step-108216.pt".
2023-08-19 10:56:28.864 | torchpack.callbacks.writers:_trigger:60 | INFO | 
+ [iou/test] = 56.147
+ [iou/test/max] = 56.351
+ [loss] = 0.1233
2023-08-19 10:56:28.866 | torchpack.callbacks.progress:_trigger_epoch:64 | INFO | Estimated time left: 10 hours 20 minutes 1 second.
2023-08-19 10:56:28.867 | torchpack.train.trainer:train:90 | INFO | Epoch finished in 1 hour 43 minutes 6 seconds.
2023-08-19 10:56:28.868 | torchpack.train.trainer:train:70 | INFO | Epoch 10/15 started.
2023-08-19 12:20:32.240 | torchpack.train.trainer:train:86 | INFO | Training finished in 1 hour 24 minutes 3 seconds.
2023-08-19 12:39:48.998 | torchpack.callbacks.inference:_trigger:43 | INFO | Inference finished in 19 minutes 16 seconds.
2023-08-19 12:39:49.563 | torchpack.callbacks.checkpoint:_trigger:47 | INFO | Checkpoint saved: "runs/run-08570cf6-190fd078/checkpoints/step-120240.pt".
2023-08-19 12:39:49.584 | torchpack.callbacks.writers:_trigger:60 | INFO | 
+ [iou/test] = 54.745
+ [iou/test/max] = 56.351
+ [loss] = 0.11503
2023-08-19 12:39:49.586 | torchpack.callbacks.progress:_trigger_epoch:64 | INFO | Estimated time left: 8 hours 36 minutes 49 seconds.
2023-08-19 12:39:49.587 | torchpack.train.trainer:train:90 | INFO | Epoch finished in 1 hour 43 minutes 20 seconds.
2023-08-19 12:39:49.587 | torchpack.train.trainer:train:70 | INFO | Epoch 11/15 started.
2023-08-19 14:04:03.547 | torchpack.train.trainer:train:86 | INFO | Training finished in 1 hour 24 minutes 13 seconds.
