2023-08-18 19:40:23.155 | __main__:main:51 | INFO | /itet-stor/wboettcher/net_scratch/conda_envs/spvnas_env/bin/python train.py configs/kitti_360/spvcnn/cr0p5.yaml
2023-08-18 19:40:23.156 | __main__:main:52 | INFO | Experiment started: "runs/run-08570cf6-190fd078".
workers_per_gpu: 8
distributed: True
amp_enabled: True
data:
  num_classes: 15
  ignore_label: 255
  training_size: 48095
train:
  seed: 1588147245
  deterministic: False
dataset:
  name: kitti_360
  root: /scratch_net/biwidl303/wboet/datasets/KITTI360/
  num_points: 80000
  voxel_size: 0.05
  radius: 60
num_epochs: 15
batch_size: 2
criterion:
  name: cross_entropy
  ignore_index: 255
optimizer:
  name: sgd
  lr: 0.12
  weight_decay: 0.0001
  momentum: 0.9
  nesterov: True
scheduler:
  name: cosine_warmup
model:
  name: spvcnn
  input_feat: 6
  cr: 0.5
2023-08-18 19:41:35.311 | torchpack.train.trainer:train:70 | INFO | Epoch 1/15 started.
2023-08-18 20:50:40.707 | torchpack.train.trainer:train:86 | INFO | Training finished in 1 hour 9 minutes 5 seconds.
2023-08-18 21:09:45.679 | torchpack.callbacks.inference:_trigger:43 | INFO | Inference finished in 19 minutes 4 seconds.
2023-08-18 21:09:45.680 | torchpack.train.trainer:train:90 | INFO | Epoch finished in 1 hour 28 minutes 10 seconds.
2023-08-18 21:09:45.681 | torchpack.train.trainer:train:70 | INFO | Epoch 2/15 started.
2023-08-18 22:33:42.743 | torchpack.train.trainer:train:86 | INFO | Training finished in 1 hour 23 minutes 57 seconds.
2023-08-18 22:52:54.437 | torchpack.callbacks.inference:_trigger:43 | INFO | Inference finished in 19 minutes 11 seconds.
2023-08-18 22:52:54.438 | torchpack.train.trainer:train:90 | INFO | Epoch finished in 1 hour 43 minutes 8 seconds.
2023-08-18 22:52:54.438 | torchpack.train.trainer:train:70 | INFO | Epoch 3/15 started.
2023-08-19 00:17:17.611 | torchpack.train.trainer:train:86 | INFO | Training finished in 1 hour 24 minutes 23 seconds.
2023-08-19 00:36:29.075 | torchpack.callbacks.inference:_trigger:43 | INFO | Inference finished in 19 minutes 11 seconds.
2023-08-19 00:36:29.076 | torchpack.train.trainer:train:90 | INFO | Epoch finished in 1 hour 43 minutes 34 seconds.
2023-08-19 00:36:29.076 | torchpack.train.trainer:train:70 | INFO | Epoch 4/15 started.
2023-08-19 02:00:33.646 | torchpack.train.trainer:train:86 | INFO | Training finished in 1 hour 24 minutes 4 seconds.
2023-08-19 02:19:49.557 | torchpack.callbacks.inference:_trigger:43 | INFO | Inference finished in 19 minutes 15 seconds.
2023-08-19 02:19:49.558 | torchpack.train.trainer:train:90 | INFO | Epoch finished in 1 hour 43 minutes 20 seconds.
2023-08-19 02:19:49.558 | torchpack.train.trainer:train:70 | INFO | Epoch 5/15 started.
2023-08-19 03:44:03.997 | torchpack.train.trainer:train:86 | INFO | Training finished in 1 hour 24 minutes 14 seconds.
2023-08-19 04:03:21.188 | torchpack.callbacks.inference:_trigger:43 | INFO | Inference finished in 19 minutes 17 seconds.
2023-08-19 04:03:21.189 | torchpack.train.trainer:train:90 | INFO | Epoch finished in 1 hour 43 minutes 31 seconds.
2023-08-19 04:03:21.189 | torchpack.train.trainer:train:70 | INFO | Epoch 6/15 started.
2023-08-19 05:27:38.238 | torchpack.train.trainer:train:86 | INFO | Training finished in 1 hour 24 minutes 17 seconds.
2023-08-19 05:46:57.130 | torchpack.callbacks.inference:_trigger:43 | INFO | Inference finished in 19 minutes 18 seconds.
2023-08-19 05:46:57.131 | torchpack.train.trainer:train:90 | INFO | Epoch finished in 1 hour 43 minutes 35 seconds.
2023-08-19 05:46:57.131 | torchpack.train.trainer:train:70 | INFO | Epoch 7/15 started.
2023-08-19 07:10:51.145 | torchpack.train.trainer:train:86 | INFO | Training finished in 1 hour 23 minutes 54 seconds.
2023-08-19 07:30:01.886 | torchpack.callbacks.inference:_trigger:43 | INFO | Inference finished in 19 minutes 10 seconds.
2023-08-19 07:30:01.887 | torchpack.train.trainer:train:90 | INFO | Epoch finished in 1 hour 43 minutes 4 seconds.
2023-08-19 07:30:01.888 | torchpack.train.trainer:train:70 | INFO | Epoch 8/15 started.
2023-08-19 08:54:04.164 | torchpack.train.trainer:train:86 | INFO | Training finished in 1 hour 24 minutes 2 seconds.
2023-08-19 09:13:21.326 | torchpack.callbacks.inference:_trigger:43 | INFO | Inference finished in 19 minutes 17 seconds.
2023-08-19 09:13:21.327 | torchpack.train.trainer:train:90 | INFO | Epoch finished in 1 hour 43 minutes 19 seconds.
2023-08-19 09:13:21.327 | torchpack.train.trainer:train:70 | INFO | Epoch 9/15 started.
2023-08-19 10:37:18.451 | torchpack.train.trainer:train:86 | INFO | Training finished in 1 hour 23 minutes 57 seconds.
2023-08-19 10:56:28.269 | torchpack.callbacks.inference:_trigger:43 | INFO | Inference finished in 19 minutes 9 seconds.
2023-08-19 10:56:28.270 | torchpack.train.trainer:train:90 | INFO | Epoch finished in 1 hour 43 minutes 6 seconds.
2023-08-19 10:56:28.271 | torchpack.train.trainer:train:70 | INFO | Epoch 10/15 started.
2023-08-19 12:20:32.217 | torchpack.train.trainer:train:86 | INFO | Training finished in 1 hour 24 minutes 3 seconds.
2023-08-19 12:39:48.998 | torchpack.callbacks.inference:_trigger:43 | INFO | Inference finished in 19 minutes 16 seconds.
2023-08-19 12:39:48.999 | torchpack.train.trainer:train:90 | INFO | Epoch finished in 1 hour 43 minutes 20 seconds.
2023-08-19 12:39:48.999 | torchpack.train.trainer:train:70 | INFO | Epoch 11/15 started.
2023-08-19 14:04:03.543 | torchpack.train.trainer:train:86 | INFO | Training finished in 1 hour 24 minutes 14 seconds.
