2023-08-17 21:12:51.826 | __main__:main:51 | INFO | /itet-stor/wboettcher/net_scratch/conda_envs/spvnas_env/bin/python train.py configs/kitti_360/spvcnn/cr0p5.yaml
2023-08-17 21:12:51.827 | __main__:main:52 | INFO | Experiment started: "runs/run-08570cf6-a7e81ef4".
workers_per_gpu: 8
distributed: True
amp_enabled: True
data:
  num_classes: 15
  ignore_label: 255
  training_size: 48095
train:
  seed: 1588147245
  deterministic: False
dataset:
  name: kitti_360
  root: /scratch_net/biwidl303/wboet/datasets/KITTI360/
  num_points: 80000
  voxel_size: 0.05
  radius: 20
num_epochs: 15
batch_size: 2
criterion:
  name: cross_entropy
  ignore_index: 255
optimizer:
  name: sgd
  lr: 0.12
  weight_decay: 0.0001
  momentum: 0.9
  nesterov: True
scheduler:
  name: cosine_warmup
model:
  name: spvcnn
  input_feat: 6
  cr: 0.5
2023-08-17 21:14:31.078 | torchpack.train.trainer:train:70 | INFO | Epoch 1/15 started.
2023-08-17 22:04:53.444 | torchpack.train.trainer:train:86 | INFO | Training finished in 50 minutes 22 seconds.
2023-08-17 22:14:26.712 | torchpack.callbacks.inference:_trigger:43 | INFO | Inference finished in 9 minutes 33 seconds.
2023-08-17 22:14:26.713 | torchpack.train.trainer:train:90 | INFO | Epoch finished in 59 minutes 55 seconds.
2023-08-17 22:14:26.713 | torchpack.train.trainer:train:70 | INFO | Epoch 2/15 started.
2023-08-17 23:03:02.620 | torchpack.train.trainer:train:86 | INFO | Training finished in 48 minutes 35 seconds.
2023-08-17 23:12:37.063 | torchpack.callbacks.inference:_trigger:43 | INFO | Inference finished in 9 minutes 34 seconds.
2023-08-17 23:12:37.064 | torchpack.train.trainer:train:90 | INFO | Epoch finished in 58 minutes 10 seconds.
2023-08-17 23:12:37.065 | torchpack.train.trainer:train:70 | INFO | Epoch 3/15 started.
2023-08-18 00:01:10.640 | torchpack.train.trainer:train:86 | INFO | Training finished in 48 minutes 33 seconds.
2023-08-18 00:10:41.426 | torchpack.callbacks.inference:_trigger:43 | INFO | Inference finished in 9 minutes 30 seconds.
2023-08-18 00:10:41.427 | torchpack.train.trainer:train:90 | INFO | Epoch finished in 58 minutes 4 seconds.
2023-08-18 00:10:41.427 | torchpack.train.trainer:train:70 | INFO | Epoch 4/15 started.
2023-08-18 00:59:16.873 | torchpack.train.trainer:train:86 | INFO | Training finished in 48 minutes 35 seconds.
2023-08-18 01:08:50.931 | torchpack.callbacks.inference:_trigger:43 | INFO | Inference finished in 9 minutes 34 seconds.
2023-08-18 01:08:50.933 | torchpack.train.trainer:train:90 | INFO | Epoch finished in 58 minutes 9 seconds.
2023-08-18 01:08:50.934 | torchpack.train.trainer:train:70 | INFO | Epoch 5/15 started.
2023-08-18 01:57:26.245 | torchpack.train.trainer:train:86 | INFO | Training finished in 48 minutes 35 seconds.
2023-08-18 02:06:58.568 | torchpack.callbacks.inference:_trigger:43 | INFO | Inference finished in 9 minutes 32 seconds.
2023-08-18 02:06:58.569 | torchpack.train.trainer:train:90 | INFO | Epoch finished in 58 minutes 7 seconds.
2023-08-18 02:06:58.569 | torchpack.train.trainer:train:70 | INFO | Epoch 6/15 started.
2023-08-18 02:55:33.750 | torchpack.train.trainer:train:86 | INFO | Training finished in 48 minutes 35 seconds.
2023-08-18 03:05:07.735 | torchpack.callbacks.inference:_trigger:43 | INFO | Inference finished in 9 minutes 33 seconds.
2023-08-18 03:05:07.736 | torchpack.train.trainer:train:90 | INFO | Epoch finished in 58 minutes 9 seconds.
2023-08-18 03:05:07.736 | torchpack.train.trainer:train:70 | INFO | Epoch 7/15 started.
2023-08-18 03:53:49.923 | torchpack.train.trainer:train:86 | INFO | Training finished in 48 minutes 42 seconds.
2023-08-18 04:03:24.055 | torchpack.callbacks.inference:_trigger:43 | INFO | Inference finished in 9 minutes 34 seconds.
2023-08-18 04:03:24.056 | torchpack.train.trainer:train:90 | INFO | Epoch finished in 58 minutes 16 seconds.
2023-08-18 04:03:24.056 | torchpack.train.trainer:train:70 | INFO | Epoch 8/15 started.
2023-08-18 04:52:07.600 | torchpack.train.trainer:train:86 | INFO | Training finished in 48 minutes 43 seconds.
2023-08-18 05:01:42.375 | torchpack.callbacks.inference:_trigger:43 | INFO | Inference finished in 9 minutes 34 seconds.
2023-08-18 05:01:42.376 | torchpack.train.trainer:train:90 | INFO | Epoch finished in 58 minutes 18 seconds.
2023-08-18 05:01:42.376 | torchpack.train.trainer:train:70 | INFO | Epoch 9/15 started.
2023-08-18 05:50:26.477 | torchpack.train.trainer:train:86 | INFO | Training finished in 48 minutes 44 seconds.
2023-08-18 06:00:03.054 | torchpack.callbacks.inference:_trigger:43 | INFO | Inference finished in 9 minutes 36 seconds.
2023-08-18 06:00:03.055 | torchpack.train.trainer:train:90 | INFO | Epoch finished in 58 minutes 20 seconds.
2023-08-18 06:00:03.056 | torchpack.train.trainer:train:70 | INFO | Epoch 10/15 started.
2023-08-18 06:48:45.784 | torchpack.train.trainer:train:86 | INFO | Training finished in 48 minutes 42 seconds.
2023-08-18 06:58:16.429 | torchpack.callbacks.inference:_trigger:43 | INFO | Inference finished in 9 minutes 30 seconds.
2023-08-18 06:58:16.430 | torchpack.train.trainer:train:90 | INFO | Epoch finished in 58 minutes 13 seconds.
2023-08-18 06:58:16.430 | torchpack.train.trainer:train:70 | INFO | Epoch 11/15 started.
2023-08-18 07:46:50.414 | torchpack.train.trainer:train:86 | INFO | Training finished in 48 minutes 33 seconds.
2023-08-18 07:56:23.692 | torchpack.callbacks.inference:_trigger:43 | INFO | Inference finished in 9 minutes 33 seconds.
2023-08-18 07:56:23.693 | torchpack.train.trainer:train:90 | INFO | Epoch finished in 58 minutes 7 seconds.
2023-08-18 07:56:23.693 | torchpack.train.trainer:train:70 | INFO | Epoch 12/15 started.
2023-08-18 08:44:58.023 | torchpack.train.trainer:train:86 | INFO | Training finished in 48 minutes 34 seconds.
2023-08-18 08:54:26.395 | torchpack.callbacks.inference:_trigger:43 | INFO | Inference finished in 9 minutes 28 seconds.
2023-08-18 08:54:26.397 | torchpack.train.trainer:train:90 | INFO | Epoch finished in 58 minutes 2 seconds.
2023-08-18 08:54:26.397 | torchpack.train.trainer:train:70 | INFO | Epoch 13/15 started.
2023-08-18 09:43:01.709 | torchpack.train.trainer:train:86 | INFO | Training finished in 48 minutes 35 seconds.
2023-08-18 09:52:31.230 | torchpack.callbacks.inference:_trigger:43 | INFO | Inference finished in 9 minutes 29 seconds.
2023-08-18 09:52:31.231 | torchpack.train.trainer:train:90 | INFO | Epoch finished in 58 minutes 4 seconds.
2023-08-18 09:52:31.231 | torchpack.train.trainer:train:70 | INFO | Epoch 14/15 started.
2023-08-18 10:41:06.632 | torchpack.train.trainer:train:86 | INFO | Training finished in 48 minutes 35 seconds.
2023-08-18 10:50:34.339 | torchpack.callbacks.inference:_trigger:43 | INFO | Inference finished in 9 minutes 27 seconds.
2023-08-18 10:50:34.340 | torchpack.train.trainer:train:90 | INFO | Epoch finished in 58 minutes 3 seconds.
2023-08-18 10:50:34.340 | torchpack.train.trainer:train:70 | INFO | Epoch 15/15 started.
2023-08-18 11:39:08.433 | torchpack.train.trainer:train:86 | INFO | Training finished in 48 minutes 34 seconds.
2023-08-18 11:48:38.158 | torchpack.callbacks.inference:_trigger:43 | INFO | Inference finished in 9 minutes 29 seconds.
2023-08-18 11:48:38.159 | torchpack.train.trainer:train:90 | INFO | Epoch finished in 58 minutes 3 seconds.
2023-08-18 11:48:38.159 | torchpack.train.trainer:train:94 | SUCCESS | 15 epochs of training finished in 14 hours 34 minutes 7 seconds.
