2023-08-17 21:12:51.825 | __main__:main:51 | INFO | /itet-stor/wboettcher/net_scratch/conda_envs/spvnas_env/bin/python train.py configs/kitti_360/spvcnn/cr0p5.yaml
2023-08-17 21:12:51.827 | __main__:main:52 | INFO | Experiment started: "runs/run-08570cf6-a7e81ef4".
workers_per_gpu: 8
distributed: True
amp_enabled: True
data:
  num_classes: 15
  ignore_label: 255
  training_size: 48095
train:
  seed: 1588147245
  deterministic: False
dataset:
  name: kitti_360
  root: /scratch_net/biwidl303/wboet/datasets/KITTI360/
  num_points: 80000
  voxel_size: 0.05
  radius: 20
num_epochs: 15
batch_size: 2
criterion:
  name: cross_entropy
  ignore_index: 255
optimizer:
  name: sgd
  lr: 0.12
  weight_decay: 0.0001
  momentum: 0.9
  nesterov: True
scheduler:
  name: cosine_warmup
model:
  name: spvcnn
  input_feat: 6
  cr: 0.5
2023-08-17 21:14:54.789 | torchpack.train.trainer:train:70 | INFO | Epoch 1/15 started.
2023-08-17 22:04:53.446 | torchpack.train.trainer:train:86 | INFO | Training finished in 49 minutes 58 seconds.
2023-08-17 22:14:26.712 | torchpack.callbacks.inference:_trigger:43 | INFO | Inference finished in 9 minutes 33 seconds.
2023-08-17 22:14:27.289 | torchpack.callbacks.checkpoint:_trigger:111 | INFO | Checkpoint saved: "runs/run-08570cf6-a7e81ef4/checkpoints/max-iou-test.pt" (51.148).
2023-08-17 22:14:27.898 | torchpack.callbacks.checkpoint:_trigger:47 | INFO | Checkpoint saved: "runs/run-08570cf6-a7e81ef4/checkpoints/step-12024.pt".
2023-08-17 22:14:27.898 | torchpack.callbacks.writers:_trigger:60 | INFO | 
+ [iou/test] = 51.148
+ [iou/test/max] = 51.148
+ [loss] = 0.1601
2023-08-17 22:14:27.899 | torchpack.callbacks.progress:_trigger_epoch:64 | INFO | Estimated time left: 13 hours 53 minutes 43 seconds.
2023-08-17 22:14:27.900 | torchpack.train.trainer:train:90 | INFO | Epoch finished in 59 minutes 33 seconds.
2023-08-17 22:14:27.900 | torchpack.train.trainer:train:70 | INFO | Epoch 2/15 started.
2023-08-17 23:03:02.604 | torchpack.train.trainer:train:86 | INFO | Training finished in 48 minutes 34 seconds.
2023-08-17 23:12:37.061 | torchpack.callbacks.inference:_trigger:43 | INFO | Inference finished in 9 minutes 34 seconds.
2023-08-17 23:12:37.637 | torchpack.callbacks.checkpoint:_trigger:47 | INFO | Checkpoint saved: "runs/run-08570cf6-a7e81ef4/checkpoints/step-24048.pt".
2023-08-17 23:12:37.638 | torchpack.callbacks.writers:_trigger:60 | INFO | 
+ [iou/test] = 50.642
+ [iou/test/max] = 51.148
+ [loss] = 0.21037
2023-08-17 23:12:37.639 | torchpack.callbacks.progress:_trigger_epoch:64 | INFO | Estimated time left: 12 hours 45 minutes 8 seconds.
2023-08-17 23:12:37.639 | torchpack.train.trainer:train:90 | INFO | Epoch finished in 58 minutes 9 seconds.
2023-08-17 23:12:37.640 | torchpack.train.trainer:train:70 | INFO | Epoch 3/15 started.
2023-08-18 00:01:10.641 | torchpack.train.trainer:train:86 | INFO | Training finished in 48 minutes 33 seconds.
2023-08-18 00:10:41.426 | torchpack.callbacks.inference:_trigger:43 | INFO | Inference finished in 9 minutes 30 seconds.
2023-08-18 00:10:41.999 | torchpack.callbacks.checkpoint:_trigger:111 | INFO | Checkpoint saved: "runs/run-08570cf6-a7e81ef4/checkpoints/max-iou-test.pt" (53.297).
2023-08-18 00:10:42.661 | torchpack.callbacks.checkpoint:_trigger:47 | INFO | Checkpoint saved: "runs/run-08570cf6-a7e81ef4/checkpoints/step-36072.pt".
2023-08-18 00:10:42.662 | torchpack.callbacks.writers:_trigger:60 | INFO | 
+ [iou/test] = 53.297
+ [iou/test/max] = 53.297
+ [loss] = 0.20968
2023-08-18 00:10:42.662 | torchpack.callbacks.progress:_trigger_epoch:64 | INFO | Estimated time left: 11 hours 43 minutes 11 seconds.
2023-08-18 00:10:42.663 | torchpack.train.trainer:train:90 | INFO | Epoch finished in 58 minutes 5 seconds.
2023-08-18 00:10:42.663 | torchpack.train.trainer:train:70 | INFO | Epoch 4/15 started.
2023-08-18 00:59:16.880 | torchpack.train.trainer:train:86 | INFO | Training finished in 48 minutes 34 seconds.
2023-08-18 01:08:50.931 | torchpack.callbacks.inference:_trigger:43 | INFO | Inference finished in 9 minutes 34 seconds.
2023-08-18 01:08:51.910 | torchpack.callbacks.checkpoint:_trigger:47 | INFO | Checkpoint saved: "runs/run-08570cf6-a7e81ef4/checkpoints/step-48096.pt".
2023-08-18 01:08:51.911 | torchpack.callbacks.writers:_trigger:60 | INFO | 
+ [iou/test] = 52.982
+ [iou/test/max] = 53.297
+ [loss] = 0.30639
2023-08-18 01:08:51.914 | torchpack.callbacks.progress:_trigger_epoch:64 | INFO | Estimated time left: 10 hours 43 minutes 22 seconds.
2023-08-18 01:08:51.915 | torchpack.train.trainer:train:90 | INFO | Epoch finished in 58 minutes 9 seconds.
2023-08-18 01:08:51.915 | torchpack.train.trainer:train:70 | INFO | Epoch 5/15 started.
2023-08-18 01:57:26.245 | torchpack.train.trainer:train:86 | INFO | Training finished in 48 minutes 34 seconds.
2023-08-18 02:06:58.568 | torchpack.callbacks.inference:_trigger:43 | INFO | Inference finished in 9 minutes 32 seconds.
2023-08-18 02:06:59.169 | torchpack.callbacks.checkpoint:_trigger:111 | INFO | Checkpoint saved: "runs/run-08570cf6-a7e81ef4/checkpoints/max-iou-test.pt" (56.235).
2023-08-18 02:06:59.837 | torchpack.callbacks.checkpoint:_trigger:47 | INFO | Checkpoint saved: "runs/run-08570cf6-a7e81ef4/checkpoints/step-60120.pt".
2023-08-18 02:06:59.858 | torchpack.callbacks.writers:_trigger:60 | INFO | 
+ [iou/test] = 56.235
+ [iou/test/max] = 56.235
+ [loss] = 0.18242
2023-08-18 02:06:59.860 | torchpack.callbacks.progress:_trigger_epoch:64 | INFO | Estimated time left: 9 hours 44 minutes 10 seconds.
2023-08-18 02:06:59.860 | torchpack.train.trainer:train:90 | INFO | Epoch finished in 58 minutes 7 seconds.
2023-08-18 02:06:59.861 | torchpack.train.trainer:train:70 | INFO | Epoch 6/15 started.
2023-08-18 02:55:33.747 | torchpack.train.trainer:train:86 | INFO | Training finished in 48 minutes 33 seconds.
2023-08-18 03:05:07.736 | torchpack.callbacks.inference:_trigger:43 | INFO | Inference finished in 9 minutes 33 seconds.
2023-08-18 03:05:08.305 | torchpack.callbacks.checkpoint:_trigger:47 | INFO | Checkpoint saved: "runs/run-08570cf6-a7e81ef4/checkpoints/step-72144.pt".
2023-08-18 03:05:08.327 | torchpack.callbacks.writers:_trigger:60 | INFO | 
+ [iou/test] = 54.363
+ [iou/test/max] = 56.235
+ [loss] = 0.097988
2023-08-18 03:05:08.329 | torchpack.callbacks.progress:_trigger_epoch:64 | INFO | Estimated time left: 8 hours 45 minutes 20 seconds.
2023-08-18 03:05:08.331 | torchpack.train.trainer:train:90 | INFO | Epoch finished in 58 minutes 8 seconds.
2023-08-18 03:05:08.331 | torchpack.train.trainer:train:70 | INFO | Epoch 7/15 started.
2023-08-18 03:53:49.919 | torchpack.train.trainer:train:86 | INFO | Training finished in 48 minutes 41 seconds.
2023-08-18 04:03:24.055 | torchpack.callbacks.inference:_trigger:43 | INFO | Inference finished in 9 minutes 34 seconds.
2023-08-18 04:03:24.628 | torchpack.callbacks.checkpoint:_trigger:111 | INFO | Checkpoint saved: "runs/run-08570cf6-a7e81ef4/checkpoints/max-iou-test.pt" (56.551).
2023-08-18 04:03:25.233 | torchpack.callbacks.checkpoint:_trigger:47 | INFO | Checkpoint saved: "runs/run-08570cf6-a7e81ef4/checkpoints/step-84168.pt".
2023-08-18 04:03:25.239 | torchpack.callbacks.writers:_trigger:60 | INFO | 
+ [iou/test] = 56.551
+ [iou/test/max] = 56.551
+ [loss] = 0.085081
2023-08-18 04:03:25.240 | torchpack.callbacks.progress:_trigger_epoch:64 | INFO | Estimated time left: 7 hours 46 minutes 51 seconds.
2023-08-18 04:03:25.241 | torchpack.train.trainer:train:90 | INFO | Epoch finished in 58 minutes 16 seconds.
2023-08-18 04:03:25.241 | torchpack.train.trainer:train:70 | INFO | Epoch 8/15 started.
2023-08-18 04:52:07.595 | torchpack.train.trainer:train:86 | INFO | Training finished in 48 minutes 42 seconds.
2023-08-18 05:01:42.375 | torchpack.callbacks.inference:_trigger:43 | INFO | Inference finished in 9 minutes 34 seconds.
2023-08-18 05:01:42.951 | torchpack.callbacks.checkpoint:_trigger:111 | INFO | Checkpoint saved: "runs/run-08570cf6-a7e81ef4/checkpoints/max-iou-test.pt" (56.938).
2023-08-18 05:01:43.650 | torchpack.callbacks.checkpoint:_trigger:47 | INFO | Checkpoint saved: "runs/run-08570cf6-a7e81ef4/checkpoints/step-96192.pt".
2023-08-18 05:01:43.658 | torchpack.callbacks.writers:_trigger:60 | INFO | 
+ [iou/test] = 56.938
+ [iou/test/max] = 56.938
+ [loss] = 0.13598
2023-08-18 05:01:43.659 | torchpack.callbacks.progress:_trigger_epoch:64 | INFO | Estimated time left: 6 hours 48 minutes 27 seconds.
2023-08-18 05:01:43.660 | torchpack.train.trainer:train:90 | INFO | Epoch finished in 58 minutes 18 seconds.
2023-08-18 05:01:43.661 | torchpack.train.trainer:train:70 | INFO | Epoch 9/15 started.
2023-08-18 05:50:26.481 | torchpack.train.trainer:train:86 | INFO | Training finished in 48 minutes 42 seconds.
2023-08-18 06:00:03.054 | torchpack.callbacks.inference:_trigger:43 | INFO | Inference finished in 9 minutes 36 seconds.
2023-08-18 06:00:03.647 | torchpack.callbacks.checkpoint:_trigger:111 | INFO | Checkpoint saved: "runs/run-08570cf6-a7e81ef4/checkpoints/max-iou-test.pt" (57.627).
2023-08-18 06:00:04.231 | torchpack.callbacks.checkpoint:_trigger:47 | INFO | Checkpoint saved: "runs/run-08570cf6-a7e81ef4/checkpoints/step-108216.pt".
2023-08-18 06:00:04.238 | torchpack.callbacks.writers:_trigger:60 | INFO | 
+ [iou/test] = 57.627
+ [iou/test/max] = 57.627
+ [loss] = 0.11734
2023-08-18 06:00:04.239 | torchpack.callbacks.progress:_trigger_epoch:64 | INFO | Estimated time left: 5 hours 49 minutes 12 seconds.
2023-08-18 06:00:04.239 | torchpack.train.trainer:train:90 | INFO | Epoch finished in 58 minutes 20 seconds.
2023-08-18 06:00:04.240 | torchpack.train.trainer:train:70 | INFO | Epoch 10/15 started.
2023-08-18 06:48:45.782 | torchpack.train.trainer:train:86 | INFO | Training finished in 48 minutes 41 seconds.
2023-08-18 06:58:16.429 | torchpack.callbacks.inference:_trigger:43 | INFO | Inference finished in 9 minutes 30 seconds.
2023-08-18 06:58:17.008 | torchpack.callbacks.checkpoint:_trigger:111 | INFO | Checkpoint saved: "runs/run-08570cf6-a7e81ef4/checkpoints/max-iou-test.pt" (58.772).
2023-08-18 06:58:17.653 | torchpack.callbacks.checkpoint:_trigger:47 | INFO | Checkpoint saved: "runs/run-08570cf6-a7e81ef4/checkpoints/step-120240.pt".
2023-08-18 06:58:17.674 | torchpack.callbacks.writers:_trigger:60 | INFO | 
+ [iou/test] = 58.772
+ [iou/test/max] = 58.772
+ [loss] = 0.10375
2023-08-18 06:58:17.676 | torchpack.callbacks.progress:_trigger_epoch:64 | INFO | Estimated time left: 4 hours 51 minutes 2 seconds.
2023-08-18 06:58:17.676 | torchpack.train.trainer:train:90 | INFO | Epoch finished in 58 minutes 13 seconds.
2023-08-18 06:58:17.677 | torchpack.train.trainer:train:70 | INFO | Epoch 11/15 started.
2023-08-18 07:46:50.419 | torchpack.train.trainer:train:86 | INFO | Training finished in 48 minutes 32 seconds.
2023-08-18 07:56:23.692 | torchpack.callbacks.inference:_trigger:43 | INFO | Inference finished in 9 minutes 33 seconds.
2023-08-18 07:56:24.265 | torchpack.callbacks.checkpoint:_trigger:47 | INFO | Checkpoint saved: "runs/run-08570cf6-a7e81ef4/checkpoints/step-132264.pt".
2023-08-18 07:56:24.280 | torchpack.callbacks.writers:_trigger:60 | INFO | 
+ [iou/test] = 56.754
+ [iou/test/max] = 58.772
+ [loss] = 0.093219
2023-08-18 07:56:24.281 | torchpack.callbacks.progress:_trigger_epoch:64 | INFO | Estimated time left: 3 hours 52 minutes 50 seconds.
2023-08-18 07:56:24.282 | torchpack.train.trainer:train:90 | INFO | Epoch finished in 58 minutes 6 seconds.
2023-08-18 07:56:24.282 | torchpack.train.trainer:train:70 | INFO | Epoch 12/15 started.
2023-08-18 08:44:58.025 | torchpack.train.trainer:train:86 | INFO | Training finished in 48 minutes 33 seconds.
2023-08-18 08:54:26.395 | torchpack.callbacks.inference:_trigger:43 | INFO | Inference finished in 9 minutes 28 seconds.
2023-08-18 08:54:26.984 | torchpack.callbacks.checkpoint:_trigger:111 | INFO | Checkpoint saved: "runs/run-08570cf6-a7e81ef4/checkpoints/max-iou-test.pt" (60.225).
2023-08-18 08:54:27.642 | torchpack.callbacks.checkpoint:_trigger:47 | INFO | Checkpoint saved: "runs/run-08570cf6-a7e81ef4/checkpoints/step-144288.pt".
2023-08-18 08:54:27.663 | torchpack.callbacks.writers:_trigger:60 | INFO | 
+ [iou/test] = 60.225
+ [iou/test/max] = 60.225
+ [loss] = 0.15508
2023-08-18 08:54:27.664 | torchpack.callbacks.progress:_trigger_epoch:64 | INFO | Estimated time left: 2 hours 54 minutes 35 seconds.
2023-08-18 08:54:27.665 | torchpack.train.trainer:train:90 | INFO | Epoch finished in 58 minutes 3 seconds.
2023-08-18 08:54:27.665 | torchpack.train.trainer:train:70 | INFO | Epoch 13/15 started.
2023-08-18 09:43:01.710 | torchpack.train.trainer:train:86 | INFO | Training finished in 48 minutes 34 seconds.
2023-08-18 09:52:31.230 | torchpack.callbacks.inference:_trigger:43 | INFO | Inference finished in 9 minutes 29 seconds.
2023-08-18 09:52:31.799 | torchpack.callbacks.checkpoint:_trigger:47 | INFO | Checkpoint saved: "runs/run-08570cf6-a7e81ef4/checkpoints/step-156312.pt".
2023-08-18 09:52:31.820 | torchpack.callbacks.writers:_trigger:60 | INFO | 
+ [iou/test] = 60.043
+ [iou/test/max] = 60.225
+ [loss] = 0.058187
2023-08-18 09:52:31.822 | torchpack.callbacks.progress:_trigger_epoch:64 | INFO | Estimated time left: 1 hour 56 minutes 22 seconds.
2023-08-18 09:52:31.822 | torchpack.train.trainer:train:90 | INFO | Epoch finished in 58 minutes 4 seconds.
2023-08-18 09:52:31.822 | torchpack.train.trainer:train:70 | INFO | Epoch 14/15 started.
2023-08-18 10:41:06.633 | torchpack.train.trainer:train:86 | INFO | Training finished in 48 minutes 34 seconds.
2023-08-18 10:50:34.339 | torchpack.callbacks.inference:_trigger:43 | INFO | Inference finished in 9 minutes 27 seconds.
2023-08-18 10:50:34.912 | torchpack.callbacks.checkpoint:_trigger:111 | INFO | Checkpoint saved: "runs/run-08570cf6-a7e81ef4/checkpoints/max-iou-test.pt" (60.668).
2023-08-18 10:50:35.559 | torchpack.callbacks.checkpoint:_trigger:47 | INFO | Checkpoint saved: "runs/run-08570cf6-a7e81ef4/checkpoints/step-168336.pt".
2023-08-18 10:50:35.579 | torchpack.callbacks.writers:_trigger:60 | INFO | 
+ [iou/test] = 60.668
+ [iou/test/max] = 60.668
+ [loss] = 0.12327
2023-08-18 10:50:35.581 | torchpack.callbacks.progress:_trigger_epoch:64 | INFO | Estimated time left: 58 minutes 10 seconds.
2023-08-18 10:50:35.581 | torchpack.train.trainer:train:90 | INFO | Epoch finished in 58 minutes 3 seconds.
2023-08-18 10:50:35.582 | torchpack.train.trainer:train:70 | INFO | Epoch 15/15 started.
2023-08-18 11:39:08.441 | torchpack.train.trainer:train:86 | INFO | Training finished in 48 minutes 32 seconds.
2023-08-18 11:48:38.158 | torchpack.callbacks.inference:_trigger:43 | INFO | Inference finished in 9 minutes 29 seconds.
2023-08-18 11:48:38.745 | torchpack.callbacks.checkpoint:_trigger:111 | INFO | Checkpoint saved: "runs/run-08570cf6-a7e81ef4/checkpoints/max-iou-test.pt" (61.007).
2023-08-18 11:48:39.321 | torchpack.callbacks.checkpoint:_trigger:47 | INFO | Checkpoint saved: "runs/run-08570cf6-a7e81ef4/checkpoints/step-180360.pt".
2023-08-18 11:48:39.345 | torchpack.callbacks.writers:_trigger:60 | INFO | 
+ [iou/test] = 61.007
+ [iou/test/max] = 61.007
+ [loss] = 0.057635
2023-08-18 11:48:39.346 | torchpack.train.trainer:train:90 | INFO | Epoch finished in 58 minutes 3 seconds.
2023-08-18 11:48:39.346 | torchpack.train.trainer:train:94 | SUCCESS | 15 epochs of training finished in 14 hours 33 minutes 52 seconds.
